#
# There is insufficient memory for the Java Runtime Environment to continue.
# Native memory allocation (mmap) failed to map 65536 bytes for Failed to commit metaspace.
# Possible reasons:
#   The system is out of physical RAM or swap space
#   The process is running with CompressedOops enabled, and the Java Heap may be blocking the growth of the native heap
# Possible solutions:
#   Reduce memory load on the system
#   Increase physical memory or swap space
#   Check if swap backing store is full
#   Decrease Java heap size (-Xmx/-Xms)
#   Decrease number of Java threads
#   Decrease Java thread stack sizes (-Xss)
#   Set larger code cache with -XX:ReservedCodeCacheSize=
#   JVM is running with Unscaled Compressed Oops mode in which the Java heap is
#     placed in the first 4GB address space. The Java Heap base address is the
#     maximum limit for the native heap growth. Please use -XX:HeapBaseMinAddress
#     to set the Java Heap base and to place the Java Heap above 4GB virtual address.
# This output file may be truncated or incomplete.
#
#  Out of Memory Error (virtualSpaceNode.cpp:112), pid=24052, tid=21688
#
# JRE version: Java(TM) SE Runtime Environment (21.0.6+8) (build 21.0.6+8-LTS-188)
# Java VM: Java HotSpot(TM) 64-Bit Server VM (21.0.6+8-LTS-188, mixed mode, tiered, compressed oops, compressed class ptrs, g1 gc, windows-amd64)
# No core dump will be written. Minidumps are not enabled by default on client versions of Windows
#

---------------  S U M M A R Y ------------

Command Line: --enable-native-access=ALL-UNNAMED -Dclassworlds.conf=C:\Program Files\Apache Software Foundation\Maven\apache-maven-4.0.0-rc-5\bin\m2.conf -Dmaven.home=C:\Program Files\Apache Software Foundation\Maven\apache-maven-4.0.0-rc-5 -Dmaven.mainClass=org.apache.maven.cling.MavenCling -Dlibrary.jline.path=C:\Program Files\Apache Software Foundation\Maven\apache-maven-4.0.0-rc-5\lib\jline-native -Dmaven.multiModuleProjectDirectory=C:\Users\user\Downloads\Gestion_commande_spring_projet\Gestion_commande_spring2\Gestion_commande_spring org.codehaus.plexus.classworlds.launcher.Launcher clean

Host: 11th Gen Intel(R) Core(TM) i3-1115G4 @ 3.00GHz, 4 cores, 7G,  Windows 10 , 64 bit Build 19041 (10.0.19041.5915)
Time: Thu Mar 26 23:11:41 2026 Paris, Madrid elapsed time: 0.449106 seconds (0d 0h 0m 0s)

---------------  T H R E A D  ---------------

Current thread (0x0000013c2fe04460):  JavaThread "main"             [_thread_in_vm, id=21688, stack(0x0000003addc00000,0x0000003addd00000) (1024K)]

Stack: [0x0000003addc00000,0x0000003addd00000]
Native frames: (J=compiled Java code, j=interpreted, Vv=VM code, C=native code)
V  [jvm.dll+0x6ca6d9]
V  [jvm.dll+0x854f51]
V  [jvm.dll+0x85747e]
V  [jvm.dll+0x857b53]
V  [jvm.dll+0x27dcc6]
V  [jvm.dll+0x850b6e]
V  [jvm.dll+0x66e3e5]
V  [jvm.dll+0x66e44a]
V  [jvm.dll+0x670c65]
V  [jvm.dll+0x670b32]
V  [jvm.dll+0x66edbe]
V  [jvm.dll+0x2681ef]
V  [jvm.dll+0x679135]
V  [jvm.dll+0x214cb1]
V  [jvm.dll+0x21513a]
V  [jvm.dll+0x215b61]
V  [jvm.dll+0x20affe]
V  [jvm.dll+0x5ad2ec]
V  [jvm.dll+0x21c79a]
V  [jvm.dll+0x7ce79c]
V  [jvm.dll+0x7cf7c4]
V  [jvm.dll+0x7cfd92]
V  [jvm.dll+0x7cfa18]
V  [jvm.dll+0x26bb6b]
V  [jvm.dll+0x26bd9a]
V  [jvm.dll+0x5d0387]
V  [jvm.dll+0x5d3376]
V  [jvm.dll+0x3d68e5]
V  [jvm.dll+0x3d5f5d]
C  0x0000013c418e9fd5

The last pc belongs to invokestatic (printed below).
Java frames: (J=compiled Java code, j=interpreted, Vv=VM code)
j  java.util.regex.Pattern.escape(ZZZ)I+909 java.base@21.0.6
j  java.util.regex.Pattern.range(Ljava/util/regex/Pattern$BitClass;)Ljava/util/regex/Pattern$CharPredicate;+102 java.base@21.0.6
j  java.util.regex.Pattern.clazz(Z)Ljava/util/regex/Pattern$CharPredicate;+417 java.base@21.0.6
j  java.util.regex.Pattern.sequence(Ljava/util/regex/Pattern$Node;)Ljava/util/regex/Pattern$Node;+213 java.base@21.0.6
j  java.util.regex.Pattern.expr(Ljava/util/regex/Pattern$Node;)Ljava/util/regex/Pattern$Node;+12 java.base@21.0.6
j  java.util.regex.Pattern.group0()Ljava/util/regex/Pattern$Node;+655 java.base@21.0.6
j  java.util.regex.Pattern.sequence(Ljava/util/regex/Pattern$Node;)Ljava/util/regex/Pattern$Node;+137 java.base@21.0.6
j  java.util.regex.Pattern.expr(Ljava/util/regex/Pattern$Node;)Ljava/util/regex/Pattern$Node;+12 java.base@21.0.6
j  java.util.regex.Pattern.compile()V+222 java.base@21.0.6
j  java.util.regex.Pattern.<init>(Ljava/lang/String;I)V+108 java.base@21.0.6
j  java.util.regex.Pattern.compile(Ljava/lang/String;)Ljava/util/regex/Pattern;+6 java.base@21.0.6
j  org.apache.maven.cling.invoker.mvn.MavenInvoker.<clinit>()V+12
v  ~StubRoutines::call_stub 0x0000013c418d10e7
j  org.apache.maven.cling.MavenCling.createInvoker()Lorg/apache/maven/api/cli/Invoker;+0
j  org.apache.maven.cling.ClingSupport.run([Ljava/lang/String;Ljava/io/InputStream;Ljava/io/OutputStream;Ljava/io/OutputStream;Z)I+1
j  org.apache.maven.cling.MavenCling.main([Ljava/lang/String;Lorg/codehaus/plexus/classworlds/ClassWorld;)I+13
j  java.lang.invoke.DirectMethodHandle$Holder.invokeStatic(Ljava/lang/Object;Ljava/lang/Object;Ljava/lang/Object;)I+11 java.base@21.0.6
j  java.lang.invoke.LambdaForm$MH+0x00000001000c4400.invoke(Ljava/lang/Object;Ljava/lang/Object;Ljava/lang/Object;Ljava/lang/Object;)Ljava/lang/Object;+54 java.base@21.0.6
j  java.lang.invoke.LambdaForm$MH+0x00000001000c4800.invokeExact_MT(Ljava/lang/Object;Ljava/lang/Object;Ljava/lang/Object;Ljava/lang/Object;Ljava/lang/Object;)Ljava/lang/Object;+22 java.base@21.0.6
j  jdk.internal.reflect.DirectMethodHandleAccessor.invokeImpl(Ljava/lang/Object;[Ljava/lang/Object;)Ljava/lang/Object;+72 java.base@21.0.6
j  jdk.internal.reflect.DirectMethodHandleAccessor.invoke(Ljava/lang/Object;[Ljava/lang/Object;)Ljava/lang/Object;+23 java.base@21.0.6
j  java.lang.reflect.Method.invoke(Ljava/lang/Object;[Ljava/lang/Object;)Ljava/lang/Object;+102 java.base@21.0.6
j  org.codehaus.plexus.classworlds.launcher.Launcher.launchEnhanced([Ljava/lang/String;)V+45
j  org.codehaus.plexus.classworlds.launcher.Launcher.launch([Ljava/lang/String;)V+2
j  org.codehaus.plexus.classworlds.launcher.Launcher.mainWithExitCode([Ljava/lang/String;)I+108
j  org.codehaus.plexus.classworlds.launcher.Launcher.main([Ljava/lang/String;)V+1
v  ~StubRoutines::call_stub 0x0000013c418d10e7
invokestatic  184 invokestatic  [0x0000013c418e9f20, 0x0000013c418ea1d0]  688 bytes
[MachCode]
  0x0000013c418e9f20: 4883 ec08 | c5fa 1104 | 24eb 1f48 | 83ec 10c5 | fb11 0424 | eb14 4883 | ec10 4889 | 0424 48c7 
  0x0000013c418e9f40: 4424 0800 | 0000 00eb | 0150 4c89 | 6dc0 410f | b755 0148 | 8b4d d0c1 | e202 8b5c | d138 c1eb 
  0x0000013c418e9f60: 1081 e3ff | 0000 0081 | fbb8 0000 | 000f 84b4 | 0000 00bb | b800 0000 | e805 0000 | 00e9 9900 
  0x0000013c418e9f80: 0000 488b | d348 8d44 | 2408 4c89 | 6dc0 498b | cfc5 f877 | 4989 afa8 | 0300 0049 | 8987 9803 
  0x0000013c418e9fa0: 0000 4883 | ec20 40f6 | c40f 0f84 | 1900 0000 | 4883 ec08 | 48b8 f05e | ab1e fe7f | 0000 ffd0 
  0x0000013c418e9fc0: 4883 c408 | e90c 0000 | 0048 b8f0 | 5eab 1efe | 7f00 00ff | d048 83c4 | 2049 c787 | 9803 0000 
  0x0000013c418e9fe0: 0000 0000 | 49c7 87a8 | 0300 0000 | 0000 0049 | c787 a003 | 0000 0000 | 0000 c5f8 | 7749 837f 
  0x0000013c418ea000: 0800 0f84 | 0500 0000 | e9f3 6efe | ff4c 8b6d | c04c 8b75 | c84e 8d74 | f500 c341 | 0fb7 5501 
  0x0000013c418ea020: 488b 4dd0 | c1e2 0248 | 8b5c d140 | 488b 5b08 | 488b 5b08 | 488b 5b18 | 80bb 2101 | 0000 040f 
  0x0000013c418ea040: 840d 0000 | 004c 3bbb | 2801 0000 | 0f85 21ff | ffff 488b | 5cd1 408b | 54d1 50c1 | ea1c 49ba 
  0x0000013c418ea060: 20db 321f | fe7f 0000 | 498b 14d2 | 5248 8b45 | d848 85c0 | 0f84 1200 | 0000 4883 | 4008 0148 
  0x0000013c418ea080: 8358 0800 | 4883 c010 | 4889 45d8 | 488b 45d8 | 4885 c00f | 842b 0100 | 0080 78f0 | 0a0f 8521 
  0x0000013c418ea0a0: 0100 0048 | 83c0 084c | 8b68 f841 | 83ed 0041 | 83fd 020f | 8c00 0100 | 004c 8b6b | 0845 0fb7 
  0x0000013c418ea0c0: 6d2e 4c2b | 2841 83ed | 014e 8b6c | ec08 4d85 | ed75 0ef6 | 4008 0175 | 4ff0 4883 | 4808 01eb 
  0x0000013c418ea0e0: 4745 8b6d | 0849 c1e5 | 034d 8bd5 | 4c33 6808 | 49f7 c5fc | ffff ff74 | 2f41 f6c5 | 0275 2948 
  0x0000013c418ea100: 8378 0800 | 741e 4883 | 7808 0174 | 174d 8bea | 4c33 6808 | 49f7 c5fc | ffff ff74 | 0b48 8348 
  0x0000013c418ea120: 0802 eb04 | 4c89 6808 | 4883 c010 | 4c8b 68e8 | 4183 ed02 | 4183 fd02 | 0f8c 7b00 | 0000 4c8b 
  0x0000013c418ea140: 6b08 450f | b76d 2e4c | 2b28 4183 | ed01 4e8b | 6cec 084d | 85ed 750e | f640 0801 | 754f f048 
  0x0000013c418ea160: 8348 0801 | eb47 458b | 6d08 49c1 | e503 4d8b | d54c 3368 | 0849 f7c5 | fcff ffff | 742f 41f6 
  0x0000013c418ea180: c502 7529 | 4883 7808 | 0074 1e48 | 8378 0801 | 7417 4d8b | ea4c 3368 | 0849 f7c5 | fcff ffff 
  0x0000013c418ea1a0: 740b 4883 | 4808 02eb | 044c 8968 | 0848 83c0 | 104c 8b68 | d841 83ed | 0441 c1e5 | 0349 03c5 
  0x0000013c418ea1c0: 4889 45d8 | 4c8d 6c24 | 084c 896d | f0ff 6350 
[/MachCode]

---------------  P R O C E S S  ---------------

Threads class SMR info:
_java_thread_list=0x0000013c52383d90, length=12, elements={
0x0000013c2fe04460, 0x0000013c5217fff0, 0x0000013c4df8de50, 0x0000013c52177530,
0x0000013c5216d700, 0x0000013c5216e150, 0x0000013c52170350, 0x0000013c521710d0,
0x0000013c52194b20, 0x0000013c52316450, 0x0000013c52324530, 0x0000013c52623b60
}

Java Threads: ( => current thread )
=>0x0000013c2fe04460 JavaThread "main"                              [_thread_in_vm, id=21688, stack(0x0000003addc00000,0x0000003addd00000) (1024K)]
  0x0000013c5217fff0 JavaThread "Reference Handler"          daemon [_thread_blocked, id=22532, stack(0x0000003ade400000,0x0000003ade500000) (1024K)]
  0x0000013c4df8de50 JavaThread "Finalizer"                  daemon [_thread_blocked, id=22396, stack(0x0000003ade500000,0x0000003ade600000) (1024K)]
  0x0000013c52177530 JavaThread "Signal Dispatcher"          daemon [_thread_blocked, id=19656, stack(0x0000003ade600000,0x0000003ade700000) (1024K)]
  0x0000013c5216d700 JavaThread "Attach Listener"            daemon [_thread_blocked, id=22408, stack(0x0000003ade700000,0x0000003ade800000) (1024K)]
  0x0000013c5216e150 JavaThread "Service Thread"             daemon [_thread_blocked, id=15864, stack(0x0000003ade800000,0x0000003ade900000) (1024K)]
  0x0000013c52170350 JavaThread "Monitor Deflation Thread"   daemon [_thread_blocked, id=25264, stack(0x0000003ade900000,0x0000003adea00000) (1024K)]
  0x0000013c521710d0 JavaThread "C2 CompilerThread0"         daemon [_thread_blocked, id=24528, stack(0x0000003adea00000,0x0000003adeb00000) (1024K)]
  0x0000013c52194b20 JavaThread "C1 CompilerThread0"         daemon [_thread_blocked, id=4984, stack(0x0000003adeb00000,0x0000003adec00000) (1024K)]
  0x0000013c52316450 JavaThread "Notification Thread"        daemon [_thread_blocked, id=24824, stack(0x0000003adec00000,0x0000003aded00000) (1024K)]
  0x0000013c52324530 JavaThread "Common-Cleaner"             daemon [_thread_blocked, id=23352, stack(0x0000003aded00000,0x0000003adee00000) (1024K)]
  0x0000013c52623b60 JavaThread "C2 CompilerThread1"         daemon [_thread_blocked, id=22292, stack(0x0000003adee00000,0x0000003adef00000) (1024K)]
Total: 12

Other Threads:
  0x0000013c4df60240 VMThread "VM Thread"                           [id=22156, stack(0x0000003ade300000,0x0000003ade400000) (1024K)]
  0x0000013c4dedbbc0 WatcherThread "VM Periodic Task Thread"        [id=25120, stack(0x0000003ade200000,0x0000003ade300000) (1024K)]
  0x0000013c31f62c60 WorkerThread "GC Thread#0"                     [id=11024, stack(0x0000003addd00000,0x0000003adde00000) (1024K)]
  0x0000013c31f735f0 ConcurrentGCThread "G1 Main Marker"            [id=21768, stack(0x0000003adde00000,0x0000003addf00000) (1024K)]
  0x0000013c31f740f0 WorkerThread "G1 Conc#0"                       [id=24208, stack(0x0000003addf00000,0x0000003ade000000) (1024K)]
  0x0000013c4ddb20c0 ConcurrentGCThread "G1 Refine#0"               [id=25128, stack(0x0000003ade000000,0x0000003ade100000) (1024K)]
  0x0000013c31fd9ed0 ConcurrentGCThread "G1 Service"                [id=16720, stack(0x0000003ade100000,0x0000003ade200000) (1024K)]
Total: 7

Threads with active compile tasks:
Total: 0

VM state: not at safepoint (normal execution)

VM Mutex/Monitor currently owned by a thread:  ([mutex/lock_event])
[0x00007ffe1f31be18] Metaspace_lock - owner thread: 0x0000013c2fe04460

Heap address: 0x0000000084000000, size: 1984 MB, Compressed Oops mode: 32-bit

CDS archive(s) not mapped
Compressed class space mapped at: 0x0000000100000000-0x0000000140000000, reserved size: 1073741824
Narrow klass base: 0x0000000000000000, Narrow klass shift: 3, Narrow klass range: 0x140000000

GC Precious Log:
 CardTable entry size: 512
 Card Set container configuration: InlinePtr #cards 5 size 8 Array Of Cards #cards 12 size 40 Howl #buckets 4 coarsen threshold 1843 Howl Bitmap #cards 512 size 80 coarsen threshold 460 Card regions per heap region 1 cards per card region 2048
 CPUs: 4 total, 4 available
 Memory: 7932M
 Large Page Support: Disabled
 NUMA Support: Disabled
 Compressed Oops: Enabled (32-bit)
 Heap Region Size: 1M
 Heap Min Capacity: 8M
 Heap Initial Capacity: 124M
 Heap Max Capacity: 1984M
 Pre-touch: Disabled
 Parallel Workers: 4
 Concurrent Workers: 1
 Concurrent Refinement Workers: 4
 Periodic GC: Disabled

Heap:
 garbage-first heap   total 126976K, used 5120K [0x0000000084000000, 0x0000000100000000)
  region size 1024K, 6 young (6144K), 0 survivors (0K)
 Metaspace       used 7534K, committed 7680K, reserved 1114112K
  class space    used 596K, committed 704K, reserved 1048576K

Heap Regions: E=young(eden), S=young(survivor), O=old, HS=humongous(starts), HC=humongous(continues), CS=collection set, F=free, TAMS=top-at-mark-start, PB=parsable bottom
|   0|0x0000000084000000, 0x0000000084000000, 0x0000000084100000|  0%| F|  |TAMS 0x0000000084000000| PB 0x0000000084000000| Untracked 
|   1|0x0000000084100000, 0x0000000084100000, 0x0000000084200000|  0%| F|  |TAMS 0x0000000084100000| PB 0x0000000084100000| Untracked 
|   2|0x0000000084200000, 0x0000000084200000, 0x0000000084300000|  0%| F|  |TAMS 0x0000000084200000| PB 0x0000000084200000| Untracked 
|   3|0x0000000084300000, 0x0000000084300000, 0x0000000084400000|  0%| F|  |TAMS 0x0000000084300000| PB 0x0000000084300000| Untracked 
|   4|0x0000000084400000, 0x0000000084400000, 0x0000000084500000|  0%| F|  |TAMS 0x0000000084400000| PB 0x0000000084400000| Untracked 
|   5|0x0000000084500000, 0x0000000084500000, 0x0000000084600000|  0%| F|  |TAMS 0x0000000084500000| PB 0x0000000084500000| Untracked 
|   6|0x0000000084600000, 0x0000000084600000, 0x0000000084700000|  0%| F|  |TAMS 0x0000000084600000| PB 0x0000000084600000| Untracked 
|   7|0x0000000084700000, 0x0000000084700000, 0x0000000084800000|  0%| F|  |TAMS 0x0000000084700000| PB 0x0000000084700000| Untracked 
|   8|0x0000000084800000, 0x0000000084800000, 0x0000000084900000|  0%| F|  |TAMS 0x0000000084800000| PB 0x0000000084800000| Untracked 
|   9|0x0000000084900000, 0x0000000084900000, 0x0000000084a00000|  0%| F|  |TAMS 0x0000000084900000| PB 0x0000000084900000| Untracked 
|  10|0x0000000084a00000, 0x0000000084a00000, 0x0000000084b00000|  0%| F|  |TAMS 0x0000000084a00000| PB 0x0000000084a00000| Untracked 
|  11|0x0000000084b00000, 0x0000000084b00000, 0x0000000084c00000|  0%| F|  |TAMS 0x0000000084b00000| PB 0x0000000084b00000| Untracked 
|  12|0x0000000084c00000, 0x0000000084c00000, 0x0000000084d00000|  0%| F|  |TAMS 0x0000000084c00000| PB 0x0000000084c00000| Untracked 
|  13|0x0000000084d00000, 0x0000000084d00000, 0x0000000084e00000|  0%| F|  |TAMS 0x0000000084d00000| PB 0x0000000084d00000| Untracked 
|  14|0x0000000084e00000, 0x0000000084e00000, 0x0000000084f00000|  0%| F|  |TAMS 0x0000000084e00000| PB 0x0000000084e00000| Untracked 
|  15|0x0000000084f00000, 0x0000000084f00000, 0x0000000085000000|  0%| F|  |TAMS 0x0000000084f00000| PB 0x0000000084f00000| Untracked 
|  16|0x0000000085000000, 0x0000000085000000, 0x0000000085100000|  0%| F|  |TAMS 0x0000000085000000| PB 0x0000000085000000| Untracked 
|  17|0x0000000085100000, 0x0000000085100000, 0x0000000085200000|  0%| F|  |TAMS 0x0000000085100000| PB 0x0000000085100000| Untracked 
|  18|0x0000000085200000, 0x0000000085200000, 0x0000000085300000|  0%| F|  |TAMS 0x0000000085200000| PB 0x0000000085200000| Untracked 
|  19|0x0000000085300000, 0x0000000085300000, 0x0000000085400000|  0%| F|  |TAMS 0x0000000085300000| PB 0x0000000085300000| Untracked 
|  20|0x0000000085400000, 0x0000000085400000, 0x0000000085500000|  0%| F|  |TAMS 0x0000000085400000| PB 0x0000000085400000| Untracked 
|  21|0x0000000085500000, 0x0000000085500000, 0x0000000085600000|  0%| F|  |TAMS 0x0000000085500000| PB 0x0000000085500000| Untracked 
|  22|0x0000000085600000, 0x0000000085600000, 0x0000000085700000|  0%| F|  |TAMS 0x0000000085600000| PB 0x0000000085600000| Untracked 
|  23|0x0000000085700000, 0x0000000085700000, 0x0000000085800000|  0%| F|  |TAMS 0x0000000085700000| PB 0x0000000085700000| Untracked 
|  24|0x0000000085800000, 0x0000000085800000, 0x0000000085900000|  0%| F|  |TAMS 0x0000000085800000| PB 0x0000000085800000| Untracked 
|  25|0x0000000085900000, 0x0000000085900000, 0x0000000085a00000|  0%| F|  |TAMS 0x0000000085900000| PB 0x0000000085900000| Untracked 
|  26|0x0000000085a00000, 0x0000000085a00000, 0x0000000085b00000|  0%| F|  |TAMS 0x0000000085a00000| PB 0x0000000085a00000| Untracked 
|  27|0x0000000085b00000, 0x0000000085b00000, 0x0000000085c00000|  0%| F|  |TAMS 0x0000000085b00000| PB 0x0000000085b00000| Untracked 
|  28|0x0000000085c00000, 0x0000000085c00000, 0x0000000085d00000|  0%| F|  |TAMS 0x0000000085c00000| PB 0x0000000085c00000| Untracked 
|  29|0x0000000085d00000, 0x0000000085d00000, 0x0000000085e00000|  0%| F|  |TAMS 0x0000000085d00000| PB 0x0000000085d00000| Untracked 
|  30|0x0000000085e00000, 0x0000000085e00000, 0x0000000085f00000|  0%| F|  |TAMS 0x0000000085e00000| PB 0x0000000085e00000| Untracked 
|  31|0x0000000085f00000, 0x0000000085f00000, 0x0000000086000000|  0%| F|  |TAMS 0x0000000085f00000| PB 0x0000000085f00000| Untracked 
|  32|0x0000000086000000, 0x0000000086000000, 0x0000000086100000|  0%| F|  |TAMS 0x0000000086000000| PB 0x0000000086000000| Untracked 
|  33|0x0000000086100000, 0x0000000086100000, 0x0000000086200000|  0%| F|  |TAMS 0x0000000086100000| PB 0x0000000086100000| Untracked 
|  34|0x0000000086200000, 0x0000000086200000, 0x0000000086300000|  0%| F|  |TAMS 0x0000000086200000| PB 0x0000000086200000| Untracked 
|  35|0x0000000086300000, 0x0000000086300000, 0x0000000086400000|  0%| F|  |TAMS 0x0000000086300000| PB 0x0000000086300000| Untracked 
|  36|0x0000000086400000, 0x0000000086400000, 0x0000000086500000|  0%| F|  |TAMS 0x0000000086400000| PB 0x0000000086400000| Untracked 
|  37|0x0000000086500000, 0x0000000086500000, 0x0000000086600000|  0%| F|  |TAMS 0x0000000086500000| PB 0x0000000086500000| Untracked 
|  38|0x0000000086600000, 0x0000000086600000, 0x0000000086700000|  0%| F|  |TAMS 0x0000000086600000| PB 0x0000000086600000| Untracked 
|  39|0x0000000086700000, 0x0000000086700000, 0x0000000086800000|  0%| F|  |TAMS 0x0000000086700000| PB 0x0000000086700000| Untracked 
|  40|0x0000000086800000, 0x0000000086800000, 0x0000000086900000|  0%| F|  |TAMS 0x0000000086800000| PB 0x0000000086800000| Untracked 
|  41|0x0000000086900000, 0x0000000086900000, 0x0000000086a00000|  0%| F|  |TAMS 0x0000000086900000| PB 0x0000000086900000| Untracked 
|  42|0x0000000086a00000, 0x0000000086a00000, 0x0000000086b00000|  0%| F|  |TAMS 0x0000000086a00000| PB 0x0000000086a00000| Untracked 
|  43|0x0000000086b00000, 0x0000000086b00000, 0x0000000086c00000|  0%| F|  |TAMS 0x0000000086b00000| PB 0x0000000086b00000| Untracked 
|  44|0x0000000086c00000, 0x0000000086c00000, 0x0000000086d00000|  0%| F|  |TAMS 0x0000000086c00000| PB 0x0000000086c00000| Untracked 
|  45|0x0000000086d00000, 0x0000000086d00000, 0x0000000086e00000|  0%| F|  |TAMS 0x0000000086d00000| PB 0x0000000086d00000| Untracked 
|  46|0x0000000086e00000, 0x0000000086e00000, 0x0000000086f00000|  0%| F|  |TAMS 0x0000000086e00000| PB 0x0000000086e00000| Untracked 
|  47|0x0000000086f00000, 0x0000000086f00000, 0x0000000087000000|  0%| F|  |TAMS 0x0000000086f00000| PB 0x0000000086f00000| Untracked 
|  48|0x0000000087000000, 0x0000000087000000, 0x0000000087100000|  0%| F|  |TAMS 0x0000000087000000| PB 0x0000000087000000| Untracked 
|  49|0x0000000087100000, 0x0000000087100000, 0x0000000087200000|  0%| F|  |TAMS 0x0000000087100000| PB 0x0000000087100000| Untracked 
|  50|0x0000000087200000, 0x0000000087200000, 0x0000000087300000|  0%| F|  |TAMS 0x0000000087200000| PB 0x0000000087200000| Untracked 
|  51|0x0000000087300000, 0x0000000087300000, 0x0000000087400000|  0%| F|  |TAMS 0x0000000087300000| PB 0x0000000087300000| Untracked 
|  52|0x0000000087400000, 0x0000000087400000, 0x0000000087500000|  0%| F|  |TAMS 0x0000000087400000| PB 0x0000000087400000| Untracked 
|  53|0x0000000087500000, 0x0000000087500000, 0x0000000087600000|  0%| F|  |TAMS 0x0000000087500000| PB 0x0000000087500000| Untracked 
|  54|0x0000000087600000, 0x0000000087600000, 0x0000000087700000|  0%| F|  |TAMS 0x0000000087600000| PB 0x0000000087600000| Untracked 
|  55|0x0000000087700000, 0x0000000087700000, 0x0000000087800000|  0%| F|  |TAMS 0x0000000087700000| PB 0x0000000087700000| Untracked 
|  56|0x0000000087800000, 0x0000000087800000, 0x0000000087900000|  0%| F|  |TAMS 0x0000000087800000| PB 0x0000000087800000| Untracked 
|  57|0x0000000087900000, 0x0000000087900000, 0x0000000087a00000|  0%| F|  |TAMS 0x0000000087900000| PB 0x0000000087900000| Untracked 
|  58|0x0000000087a00000, 0x0000000087a00000, 0x0000000087b00000|  0%| F|  |TAMS 0x0000000087a00000| PB 0x0000000087a00000| Untracked 
|  59|0x0000000087b00000, 0x0000000087b00000, 0x0000000087c00000|  0%| F|  |TAMS 0x0000000087b00000| PB 0x0000000087b00000| Untracked 
|  60|0x0000000087c00000, 0x0000000087c00000, 0x0000000087d00000|  0%| F|  |TAMS 0x0000000087c00000| PB 0x0000000087c00000| Untracked 
|  61|0x0000000087d00000, 0x0000000087d00000, 0x0000000087e00000|  0%| F|  |TAMS 0x0000000087d00000| PB 0x0000000087d00000| Untracked 
|  62|0x0000000087e00000, 0x0000000087e00000, 0x0000000087f00000|  0%| F|  |TAMS 0x0000000087e00000| PB 0x0000000087e00000| Untracked 
|  63|0x0000000087f00000, 0x0000000087f00000, 0x0000000088000000|  0%| F|  |TAMS 0x0000000087f00000| PB 0x0000000087f00000| Untracked 
|  64|0x0000000088000000, 0x0000000088000000, 0x0000000088100000|  0%| F|  |TAMS 0x0000000088000000| PB 0x0000000088000000| Untracked 
|  65|0x0000000088100000, 0x0000000088100000, 0x0000000088200000|  0%| F|  |TAMS 0x0000000088100000| PB 0x0000000088100000| Untracked 
|  66|0x0000000088200000, 0x0000000088200000, 0x0000000088300000|  0%| F|  |TAMS 0x0000000088200000| PB 0x0000000088200000| Untracked 
|  67|0x0000000088300000, 0x0000000088300000, 0x0000000088400000|  0%| F|  |TAMS 0x0000000088300000| PB 0x0000000088300000| Untracked 
|  68|0x0000000088400000, 0x0000000088400000, 0x0000000088500000|  0%| F|  |TAMS 0x0000000088400000| PB 0x0000000088400000| Untracked 
|  69|0x0000000088500000, 0x0000000088500000, 0x0000000088600000|  0%| F|  |TAMS 0x0000000088500000| PB 0x0000000088500000| Untracked 
|  70|0x0000000088600000, 0x0000000088600000, 0x0000000088700000|  0%| F|  |TAMS 0x0000000088600000| PB 0x0000000088600000| Untracked 
|  71|0x0000000088700000, 0x0000000088700000, 0x0000000088800000|  0%| F|  |TAMS 0x0000000088700000| PB 0x0000000088700000| Untracked 
|  72|0x0000000088800000, 0x0000000088800000, 0x0000000088900000|  0%| F|  |TAMS 0x0000000088800000| PB 0x0000000088800000| Untracked 
|  73|0x0000000088900000, 0x0000000088900000, 0x0000000088a00000|  0%| F|  |TAMS 0x0000000088900000| PB 0x0000000088900000| Untracked 
|  74|0x0000000088a00000, 0x0000000088a00000, 0x0000000088b00000|  0%| F|  |TAMS 0x0000000088a00000| PB 0x0000000088a00000| Untracked 
|  75|0x0000000088b00000, 0x0000000088b00000, 0x0000000088c00000|  0%| F|  |TAMS 0x0000000088b00000| PB 0x0000000088b00000| Untracked 
|  76|0x0000000088c00000, 0x0000000088c00000, 0x0000000088d00000|  0%| F|  |TAMS 0x0000000088c00000| PB 0x0000000088c00000| Untracked 
|  77|0x0000000088d00000, 0x0000000088d00000, 0x0000000088e00000|  0%| F|  |TAMS 0x0000000088d00000| PB 0x0000000088d00000| Untracked 
|  78|0x0000000088e00000, 0x0000000088e00000, 0x0000000088f00000|  0%| F|  |TAMS 0x0000000088e00000| PB 0x0000000088e00000| Untracked 
|  79|0x0000000088f00000, 0x0000000088f00000, 0x0000000089000000|  0%| F|  |TAMS 0x0000000088f00000| PB 0x0000000088f00000| Untracked 
|  80|0x0000000089000000, 0x0000000089000000, 0x0000000089100000|  0%| F|  |TAMS 0x0000000089000000| PB 0x0000000089000000| Untracked 
|  81|0x0000000089100000, 0x0000000089100000, 0x0000000089200000|  0%| F|  |TAMS 0x0000000089100000| PB 0x0000000089100000| Untracked 
|  82|0x0000000089200000, 0x0000000089200000, 0x0000000089300000|  0%| F|  |TAMS 0x0000000089200000| PB 0x0000000089200000| Untracked 
|  83|0x0000000089300000, 0x0000000089300000, 0x0000000089400000|  0%| F|  |TAMS 0x0000000089300000| PB 0x0000000089300000| Untracked 
|  84|0x0000000089400000, 0x0000000089400000, 0x0000000089500000|  0%| F|  |TAMS 0x0000000089400000| PB 0x0000000089400000| Untracked 
|  85|0x0000000089500000, 0x0000000089500000, 0x0000000089600000|  0%| F|  |TAMS 0x0000000089500000| PB 0x0000000089500000| Untracked 
|  86|0x0000000089600000, 0x0000000089600000, 0x0000000089700000|  0%| F|  |TAMS 0x0000000089600000| PB 0x0000000089600000| Untracked 
|  87|0x0000000089700000, 0x0000000089700000, 0x0000000089800000|  0%| F|  |TAMS 0x0000000089700000| PB 0x0000000089700000| Untracked 
|  88|0x0000000089800000, 0x0000000089800000, 0x0000000089900000|  0%| F|  |TAMS 0x0000000089800000| PB 0x0000000089800000| Untracked 
|  89|0x0000000089900000, 0x0000000089900000, 0x0000000089a00000|  0%| F|  |TAMS 0x0000000089900000| PB 0x0000000089900000| Untracked 
|  90|0x0000000089a00000, 0x0000000089a00000, 0x0000000089b00000|  0%| F|  |TAMS 0x0000000089a00000| PB 0x0000000089a00000| Untracked 
|  91|0x0000000089b00000, 0x0000000089b00000, 0x0000000089c00000|  0%| F|  |TAMS 0x0000000089b00000| PB 0x0000000089b00000| Untracked 
|  92|0x0000000089c00000, 0x0000000089c00000, 0x0000000089d00000|  0%| F|  |TAMS 0x0000000089c00000| PB 0x0000000089c00000| Untracked 
|  93|0x0000000089d00000, 0x0000000089d00000, 0x0000000089e00000|  0%| F|  |TAMS 0x0000000089d00000| PB 0x0000000089d00000| Untracked 
|  94|0x0000000089e00000, 0x0000000089e00000, 0x0000000089f00000|  0%| F|  |TAMS 0x0000000089e00000| PB 0x0000000089e00000| Untracked 
|  95|0x0000000089f00000, 0x0000000089f00000, 0x000000008a000000|  0%| F|  |TAMS 0x0000000089f00000| PB 0x0000000089f00000| Untracked 
|  96|0x000000008a000000, 0x000000008a000000, 0x000000008a100000|  0%| F|  |TAMS 0x000000008a000000| PB 0x000000008a000000| Untracked 
|  97|0x000000008a100000, 0x000000008a100000, 0x000000008a200000|  0%| F|  |TAMS 0x000000008a100000| PB 0x000000008a100000| Untracked 
|  98|0x000000008a200000, 0x000000008a200000, 0x000000008a300000|  0%| F|  |TAMS 0x000000008a200000| PB 0x000000008a200000| Untracked 
|  99|0x000000008a300000, 0x000000008a300000, 0x000000008a400000|  0%| F|  |TAMS 0x000000008a300000| PB 0x000000008a300000| Untracked 
| 100|0x000000008a400000, 0x000000008a400000, 0x000000008a500000|  0%| F|  |TAMS 0x000000008a400000| PB 0x000000008a400000| Untracked 
| 101|0x000000008a500000, 0x000000008a500000, 0x000000008a600000|  0%| F|  |TAMS 0x000000008a500000| PB 0x000000008a500000| Untracked 
| 102|0x000000008a600000, 0x000000008a600000, 0x000000008a700000|  0%| F|  |TAMS 0x000000008a600000| PB 0x000000008a600000| Untracked 
| 103|0x000000008a700000, 0x000000008a700000, 0x000000008a800000|  0%| F|  |TAMS 0x000000008a700000| PB 0x000000008a700000| Untracked 
| 104|0x000000008a800000, 0x000000008a800000, 0x000000008a900000|  0%| F|  |TAMS 0x000000008a800000| PB 0x000000008a800000| Untracked 
| 105|0x000000008a900000, 0x000000008a900000, 0x000000008aa00000|  0%| F|  |TAMS 0x000000008a900000| PB 0x000000008a900000| Untracked 
| 106|0x000000008aa00000, 0x000000008aa00000, 0x000000008ab00000|  0%| F|  |TAMS 0x000000008aa00000| PB 0x000000008aa00000| Untracked 
| 107|0x000000008ab00000, 0x000000008ab00000, 0x000000008ac00000|  0%| F|  |TAMS 0x000000008ab00000| PB 0x000000008ab00000| Untracked 
| 108|0x000000008ac00000, 0x000000008ac00000, 0x000000008ad00000|  0%| F|  |TAMS 0x000000008ac00000| PB 0x000000008ac00000| Untracked 
| 109|0x000000008ad00000, 0x000000008ad00000, 0x000000008ae00000|  0%| F|  |TAMS 0x000000008ad00000| PB 0x000000008ad00000| Untracked 
| 110|0x000000008ae00000, 0x000000008ae00000, 0x000000008af00000|  0%| F|  |TAMS 0x000000008ae00000| PB 0x000000008ae00000| Untracked 
| 111|0x000000008af00000, 0x000000008af00000, 0x000000008b000000|  0%| F|  |TAMS 0x000000008af00000| PB 0x000000008af00000| Untracked 
| 112|0x000000008b000000, 0x000000008b000000, 0x000000008b100000|  0%| F|  |TAMS 0x000000008b000000| PB 0x000000008b000000| Untracked 
| 113|0x000000008b100000, 0x000000008b100000, 0x000000008b200000|  0%| F|  |TAMS 0x000000008b100000| PB 0x000000008b100000| Untracked 
| 114|0x000000008b200000, 0x000000008b200000, 0x000000008b300000|  0%| F|  |TAMS 0x000000008b200000| PB 0x000000008b200000| Untracked 
| 115|0x000000008b300000, 0x000000008b300000, 0x000000008b400000|  0%| F|  |TAMS 0x000000008b300000| PB 0x000000008b300000| Untracked 
| 116|0x000000008b400000, 0x000000008b400000, 0x000000008b500000|  0%| F|  |TAMS 0x000000008b400000| PB 0x000000008b400000| Untracked 
| 117|0x000000008b500000, 0x000000008b500000, 0x000000008b600000|  0%| F|  |TAMS 0x000000008b500000| PB 0x000000008b500000| Untracked 
| 118|0x000000008b600000, 0x000000008b643178, 0x000000008b700000| 26%| E|  |TAMS 0x000000008b600000| PB 0x000000008b600000| Complete 
| 119|0x000000008b700000, 0x000000008b800000, 0x000000008b800000|100%| E|CS|TAMS 0x000000008b700000| PB 0x000000008b700000| Complete 
| 120|0x000000008b800000, 0x000000008b900000, 0x000000008b900000|100%| E|CS|TAMS 0x000000008b800000| PB 0x000000008b800000| Complete 
| 121|0x000000008b900000, 0x000000008ba00000, 0x000000008ba00000|100%| E|CS|TAMS 0x000000008b900000| PB 0x000000008b900000| Complete 
| 122|0x000000008ba00000, 0x000000008bb00000, 0x000000008bb00000|100%| E|CS|TAMS 0x000000008ba00000| PB 0x000000008ba00000| Complete 
| 123|0x000000008bb00000, 0x000000008bc00000, 0x000000008bc00000|100%| E|CS|TAMS 0x000000008bb00000| PB 0x000000008bb00000| Complete 

Card table byte_map: [0x0000013c49780000,0x0000013c49b60000] _byte_map_base: 0x0000013c49360000

Marking Bits: (CMBitMap*) 0x0000013c31f63360
 Bits: [0x0000013c49b60000, 0x0000013c4ba60000)

Polling page: 0x0000013c300a0000

Metaspace:

Usage:
  Non-class:      6.78 MB used.
      Class:    596.67 KB used.
       Both:      7.36 MB used.

Virtual space:
  Non-class space:       64.00 MB reserved,       6.81 MB ( 11%) committed,  1 nodes.
      Class space:        1.00 GB reserved,     704.00 KB ( <1%) committed,  1 nodes.
             Both:        1.06 GB reserved,       7.50 MB ( <1%) committed. 

Chunk freelists:
   Non-Class:  8.83 MB
       Class:  15.22 MB
        Both:  24.05 MB

MaxMetaspaceSize: unlimited
CompressedClassSpaceSize: 1.00 GB
Initial GC threshold: 21.00 MB
Current GC threshold: 21.00 MB
CDS: off
 - commit_granule_bytes: 65536.
 - commit_granule_words: 8192.
 - virtual_space_node_default_size: 8388608.
 - enlarge_chunks_in_place: 1.
 - use_allocation_guard: 0.


Internal statistics:

num_allocs_failed_limit: 0.
num_arena_births: 26.
num_arena_deaths: 0.
num_vsnodes_births: 2.
num_vsnodes_deaths: 0.
num_space_committed: 120.
num_space_uncommitted: 0.
num_chunks_returned_to_freelist: 0.
num_chunks_taken_from_freelist: 60.
num_chunk_merges: 0.
num_chunk_splits: 33.
num_chunks_enlarged: 21.
num_inconsistent_stats: 0.

CodeHeap 'non-profiled nmethods': size=120000Kb used=144Kb max_used=144Kb free=119855Kb
 bounds [0x0000013c41e70000, 0x0000013c420e0000, 0x0000013c493a0000]
CodeHeap 'profiled nmethods': size=120000Kb used=555Kb max_used=555Kb free=119444Kb
 bounds [0x0000013c3a3a0000, 0x0000013c3a610000, 0x0000013c418d0000]
CodeHeap 'non-nmethods': size=5760Kb used=1400Kb max_used=1430Kb free=4359Kb
 bounds [0x0000013c418d0000, 0x0000013c41b40000, 0x0000013c41e70000]
 total_blobs=813 nmethods=406 adapters=312
 compilation: enabled
              stopped_count=0, restarted_count=0
 full_count=0

Compilation events (20 events):
Event: 0.441 Thread 0x0000013c52194b20  396       3       java.util.ArrayList::get (15 bytes)
Event: 0.441 Thread 0x0000013c52194b20 nmethod 396 0x0000013c3a428590 code [0x0000013c3a428740, 0x0000013c3a428988]
Event: 0.441 Thread 0x0000013c52194b20  397       3       java.util.Objects::checkIndex (7 bytes)
Event: 0.441 Thread 0x0000013c52194b20 nmethod 397 0x0000013c3a428b10 code [0x0000013c3a428cc0, 0x0000013c3a428df8]
Event: 0.441 Thread 0x0000013c52194b20  398       3       java.util.ArrayList::elementData (7 bytes)
Event: 0.441 Thread 0x0000013c52194b20 nmethod 398 0x0000013c3a428e90 code [0x0000013c3a429040, 0x0000013c3a429178]
Event: 0.441 Thread 0x0000013c52194b20  394       3       java.net.URL::isBuiltinStreamHandler (32 bytes)
Event: 0.442 Thread 0x0000013c52194b20 nmethod 394 0x0000013c3a429290 code [0x0000013c3a4294e0, 0x0000013c3a429d30]
Event: 0.442 Thread 0x0000013c52194b20  395       3       java.net.URL::isBuiltinStreamHandler (8 bytes)
Event: 0.442 Thread 0x0000013c52194b20 nmethod 395 0x0000013c3a42a090 code [0x0000013c3a42a240, 0x0000013c3a42a408]
Event: 0.443 Thread 0x0000013c52194b20  400       1       java.lang.invoke.MethodTypeForm::parameterSlotCount (5 bytes)
Event: 0.443 Thread 0x0000013c52194b20 nmethod 400 0x0000013c41e91e10 code [0x0000013c41e91fa0, 0x0000013c41e92068]
Event: 0.443 Thread 0x0000013c52623b60  401       4       java.util.concurrent.ConcurrentHashMap::casTabAt (21 bytes)
Event: 0.443 Thread 0x0000013c52194b20  403       3       java.lang.invoke.MethodType::parameterType (7 bytes)
Event: 0.444 Thread 0x0000013c52194b20 nmethod 403 0x0000013c3a42a510 code [0x0000013c3a42a6a0, 0x0000013c3a42a7d8]
Event: 0.444 Thread 0x0000013c52194b20  405       3       java.lang.invoke.MemberName::initResolved (53 bytes)
Event: 0.444 Thread 0x0000013c52194b20 nmethod 405 0x0000013c3a42a890 code [0x0000013c3a42aa40, 0x0000013c3a42abf0]
Event: 0.445 Thread 0x0000013c52623b60 nmethod 401 0x0000013c41e92b90 code [0x0000013c41e92d20, 0x0000013c41e92e70]
Event: 0.445 Thread 0x0000013c52623b60  406       4       java.lang.String::checkIndex (10 bytes)
Event: 0.445 Thread 0x0000013c52623b60 nmethod 406 0x0000013c41e92f10 code [0x0000013c41e930a0, 0x0000013c41e93140]

GC Heap History (0 events):
No events

Dll operation events (5 events):
Event: 0.007 Loaded shared library C:\Program Files\Java\jdk-21\bin\java.dll
Event: 0.126 Loaded shared library C:\Program Files\Java\jdk-21\bin\jsvml.dll
Event: 0.202 Loaded shared library C:\Program Files\Java\jdk-21\bin\net.dll
Event: 0.204 Loaded shared library C:\Program Files\Java\jdk-21\bin\nio.dll
Event: 0.215 Loaded shared library C:\Program Files\Java\jdk-21\bin\zip.dll

Deoptimization events (8 events):
Event: 0.312 Thread 0x0000013c2fe04460 Uncommon trap: trap_request=0xffffff45 fr.pc=0x0000013c41e766f4 relative=0x00000000000002b4
Event: 0.312 Thread 0x0000013c2fe04460 Uncommon trap: reason=unstable_if action=reinterpret pc=0x0000013c41e766f4 method=java.lang.StringLatin1.hashCode([B)I @ 2 c2
Event: 0.312 Thread 0x0000013c2fe04460 DEOPT PACKING pc=0x0000013c41e766f4 sp=0x0000003addcfd430
Event: 0.312 Thread 0x0000013c2fe04460 DEOPT UNPACKING pc=0x0000013c41927da2 sp=0x0000003addcfd368 mode 2
Event: 0.393 Thread 0x0000013c2fe04460 Uncommon trap: trap_request=0xffffff45 fr.pc=0x0000013c41e831cc relative=0x000000000000012c
Event: 0.393 Thread 0x0000013c2fe04460 Uncommon trap: reason=unstable_if action=reinterpret pc=0x0000013c41e831cc method=java.lang.StringCoding.countPositives([BII)I @ 17 c2
Event: 0.393 Thread 0x0000013c2fe04460 DEOPT PACKING pc=0x0000013c41e831cc sp=0x0000003addcf9e50
Event: 0.393 Thread 0x0000013c2fe04460 DEOPT UNPACKING pc=0x0000013c41927da2 sp=0x0000003addcf9df0 mode 2

Classes loaded (20 events):
Event: 0.444 Loading class java/util/regex/Pattern$Ques done
Event: 0.444 Loading class java/util/regex/Pattern$Qtype
Event: 0.444 Loading class java/util/regex/Pattern$Qtype done
Event: 0.444 Loading class java/util/regex/Pattern$Slice
Event: 0.444 Loading class java/util/regex/Pattern$SliceNode
Event: 0.444 Loading class java/util/regex/Pattern$SliceNode done
Event: 0.444 Loading class java/util/regex/Pattern$Slice done
Event: 0.444 Loading class java/util/regex/Pattern$Begin
Event: 0.444 Loading class java/util/regex/Pattern$Begin done
Event: 0.444 Loading class java/util/regex/Pattern$First
Event: 0.445 Loading class java/util/regex/Pattern$First done
Event: 0.445 Loading class java/util/regex/Pattern$Start
Event: 0.445 Loading class java/util/regex/Pattern$Start done
Event: 0.445 Loading class java/util/regex/Pattern$TreeInfo
Event: 0.445 Loading class java/util/regex/Pattern$TreeInfo done
Event: 0.445 Loading class java/util/regex/Pattern$GroupTail
Event: 0.445 Loading class java/util/regex/Pattern$GroupTail done
Event: 0.445 Loading class java/util/regex/Pattern$BitClass
Event: 0.445 Loading class java/util/regex/Pattern$BitClass done
Event: 0.445 Loading class java/util/regex/CharPredicates

Classes unloaded (0 events):
No events

Classes redefined (0 events):
No events

Internal exceptions (2 events):
Event: 0.307 Thread 0x0000013c2fe04460 Exception <a 'java/lang/NoSuchMethodError'{0x000000008b95a140}: 'int java.lang.invoke.DirectMethodHandle$Holder.invokeSpecial(java.lang.Object, java.lang.Object, java.lang.Object)'> (0x000000008b95a140) 
thrown [s\open\src\hotspot\share\interpreter\linkResolver.cpp, line 773]
Event: 0.361 Thread 0x0000013c2fe04460 Exception <a 'java/lang/NoSuchMethodError'{0x000000008b9e9bd0}: 'java.lang.Object java.lang.invoke.Invokers$Holder.invokeExact_MT(java.lang.Object, java.lang.Object, java.lang.Object, java.lang.Object, java.lang.Object)'> (0x000000008b9e9bd0) 
thrown [s\open\src\hotspot\share\interpreter\linkResolver.cpp, line 773]

ZGC Phase Switch (0 events):
No events

VM Operations (2 events):
Event: 0.219 Executing VM operation: HandshakeAllThreads (Deoptimize)
Event: 0.219 Executing VM operation: HandshakeAllThreads (Deoptimize) done

Events (12 events):
Event: 0.018 Thread 0x0000013c2fe04460 Thread added: 0x0000013c2fe04460
Event: 0.120 Thread 0x0000013c5217fff0 Thread added: 0x0000013c5217fff0
Event: 0.121 Thread 0x0000013c4df8de50 Thread added: 0x0000013c4df8de50
Event: 0.123 Thread 0x0000013c52177530 Thread added: 0x0000013c52177530
Event: 0.123 Thread 0x0000013c5216d700 Thread added: 0x0000013c5216d700
Event: 0.123 Thread 0x0000013c5216e150 Thread added: 0x0000013c5216e150
Event: 0.123 Thread 0x0000013c52170350 Thread added: 0x0000013c52170350
Event: 0.123 Thread 0x0000013c521710d0 Thread added: 0x0000013c521710d0
Event: 0.124 Thread 0x0000013c52194b20 Thread added: 0x0000013c52194b20
Event: 0.179 Thread 0x0000013c52316450 Thread added: 0x0000013c52316450
Event: 0.190 Thread 0x0000013c52324530 Thread added: 0x0000013c52324530
Event: 0.418 Thread 0x0000013c52623b60 Thread added: 0x0000013c52623b60


Dynamic libraries:
0x00007ff7264e0000 - 0x00007ff7264f0000 	C:\Program Files\Java\jdk-21\bin\java.exe
0x00007ffe8edb0000 - 0x00007ffe8efa8000 	C:\Windows\SYSTEM32\ntdll.dll
0x00007ffe8d240000 - 0x00007ffe8d302000 	C:\Windows\System32\KERNEL32.DLL
0x00007ffe8c5e0000 - 0x00007ffe8c8d6000 	C:\Windows\System32\KERNELBASE.dll
0x00007ffe8c960000 - 0x00007ffe8ca60000 	C:\Windows\System32\ucrtbase.dll
0x00007ffe826f0000 - 0x00007ffe82709000 	C:\Program Files\Java\jdk-21\bin\jli.dll
0x00007ffe81ee0000 - 0x00007ffe81efb000 	C:\Program Files\Java\jdk-21\bin\VCRUNTIME140.dll
0x00007ffe8e3d0000 - 0x00007ffe8e481000 	C:\Windows\System32\ADVAPI32.dll
0x00007ffe8d740000 - 0x00007ffe8d7de000 	C:\Windows\System32\msvcrt.dll
0x00007ffe8e330000 - 0x00007ffe8e3cf000 	C:\Windows\System32\sechost.dll
0x00007ffe8d390000 - 0x00007ffe8d4b0000 	C:\Windows\System32\RPCRT4.dll
0x00007ffe8cc60000 - 0x00007ffe8cc87000 	C:\Windows\System32\bcrypt.dll
0x00007ffe8e570000 - 0x00007ffe8e711000 	C:\Windows\System32\USER32.dll
0x00007ffe8c8e0000 - 0x00007ffe8c902000 	C:\Windows\System32\win32u.dll
0x00007ffe6f590000 - 0x00007ffe6f82b000 	C:\Windows\WinSxS\amd64_microsoft.windows.common-controls_6595b64144ccf1df_6.0.19041.6456_none_60b8a6cb71f64256\COMCTL32.dll
0x00007ffe8eba0000 - 0x00007ffe8ebcb000 	C:\Windows\System32\GDI32.dll
0x00007ffe8c440000 - 0x00007ffe8c559000 	C:\Windows\System32\gdi32full.dll
0x00007ffe8ca60000 - 0x00007ffe8cafd000 	C:\Windows\System32\msvcp_win.dll
0x00007ffe80360000 - 0x00007ffe8036a000 	C:\Windows\SYSTEM32\VERSION.dll
0x00007ffe8e540000 - 0x00007ffe8e56f000 	C:\Windows\System32\IMM32.DLL
0x00007ffe829b0000 - 0x00007ffe829bc000 	C:\Program Files\Java\jdk-21\bin\vcruntime140_1.dll
0x00007ffe58120000 - 0x00007ffe581ae000 	C:\Program Files\Java\jdk-21\bin\msvcp140.dll
0x00007ffe1e6e0000 - 0x00007ffe1f3fa000 	C:\Program Files\Java\jdk-21\bin\server\jvm.dll
0x00007ffe8dae0000 - 0x00007ffe8db4b000 	C:\Windows\System32\WS2_32.dll
0x00007ffe6fe80000 - 0x00007ffe6fea7000 	C:\Windows\SYSTEM32\WINMM.dll
0x00007ffe8b9d0000 - 0x00007ffe8ba1b000 	C:\Windows\SYSTEM32\POWRPROF.dll
0x00007ffe8b840000 - 0x00007ffe8b852000 	C:\Windows\SYSTEM32\UMPDC.dll
0x00007ffe8ac10000 - 0x00007ffe8ac22000 	C:\Windows\SYSTEM32\kernel.appcore.dll
0x00007ffe81230000 - 0x00007ffe8123a000 	C:\Program Files\Java\jdk-21\bin\jimage.dll
0x00007ffe8a120000 - 0x00007ffe8a321000 	C:\Windows\SYSTEM32\DBGHELP.DLL
0x00007ffe660a0000 - 0x00007ffe660d4000 	C:\Windows\SYSTEM32\dbgcore.DLL
0x00007ffe8cc90000 - 0x00007ffe8cd12000 	C:\Windows\System32\bcryptPrimitives.dll
0x00007ffe5c700000 - 0x00007ffe5c71f000 	C:\Program Files\Java\jdk-21\bin\java.dll
0x00007ffe8db50000 - 0x00007ffe8e2c0000 	C:\Windows\System32\SHELL32.dll
0x00007ffe8a450000 - 0x00007ffe8abf5000 	C:\Windows\SYSTEM32\windows.storage.dll
0x00007ffe8e840000 - 0x00007ffe8eb94000 	C:\Windows\System32\combase.dll
0x00007ffe8be70000 - 0x00007ffe8be9b000 	C:\Windows\SYSTEM32\Wldp.dll
0x00007ffe8d650000 - 0x00007ffe8d71d000 	C:\Windows\System32\OLEAUT32.dll
0x00007ffe8ec30000 - 0x00007ffe8ecdd000 	C:\Windows\System32\SHCORE.dll
0x00007ffe8d590000 - 0x00007ffe8d5eb000 	C:\Windows\System32\shlwapi.dll
0x00007ffe8c370000 - 0x00007ffe8c394000 	C:\Windows\SYSTEM32\profapi.dll
0x00007ffe3a110000 - 0x00007ffe3a1e7000 	C:\Program Files\Java\jdk-21\bin\jsvml.dll
0x00007ffe62c70000 - 0x00007ffe62c80000 	C:\Program Files\Java\jdk-21\bin\net.dll
0x00007ffe844e0000 - 0x00007ffe845ea000 	C:\Windows\SYSTEM32\WINHTTP.dll
0x00007ffe8bbd0000 - 0x00007ffe8bc3a000 	C:\Windows\system32\mswsock.dll
0x00007ffe58040000 - 0x00007ffe58056000 	C:\Program Files\Java\jdk-21\bin\nio.dll
0x00007ffe57f70000 - 0x00007ffe57f88000 	C:\Program Files\Java\jdk-21\bin\zip.dll

dbghelp: loaded successfully - version: 4.0.5 - missing functions: none
symbol engine: initialized successfully - sym options: 0x614 - pdb path: .;C:\Program Files\Java\jdk-21\bin;C:\Windows\SYSTEM32;C:\Windows\WinSxS\amd64_microsoft.windows.common-controls_6595b64144ccf1df_6.0.19041.6456_none_60b8a6cb71f64256;C:\Program Files\Java\jdk-21\bin\server

VM Arguments:
jvm_args: --enable-native-access=ALL-UNNAMED -Dclassworlds.conf=C:\Program Files\Apache Software Foundation\Maven\apache-maven-4.0.0-rc-5\bin\m2.conf -Dmaven.home=C:\Program Files\Apache Software Foundation\Maven\apache-maven-4.0.0-rc-5 -Dmaven.mainClass=org.apache.maven.cling.MavenCling -Dlibrary.jline.path=C:\Program Files\Apache Software Foundation\Maven\apache-maven-4.0.0-rc-5\lib\jline-native -Dmaven.multiModuleProjectDirectory=C:\Users\user\Downloads\Gestion_commande_spring_projet\Gestion_commande_spring2\Gestion_commande_spring 
java_command: org.codehaus.plexus.classworlds.launcher.Launcher clean
java_class_path (initial): C:\Program Files\Apache Software Foundation\Maven\apache-maven-4.0.0-rc-5\boot\plexus-classworlds-2.9.0.jar
Launcher Type: SUN_STANDARD

[Global flags]
     intx CICompilerCount                          = 3                                         {product} {ergonomic}
     uint ConcGCThreads                            = 1                                         {product} {ergonomic}
     uint G1ConcRefinementThreads                  = 4                                         {product} {ergonomic}
   size_t G1HeapRegionSize                         = 1048576                                   {product} {ergonomic}
    uintx GCDrainStackTargetSize                   = 64                                        {product} {ergonomic}
   size_t InitialHeapSize                          = 130023424                                 {product} {ergonomic}
   size_t MarkStackSize                            = 4194304                                   {product} {ergonomic}
   size_t MaxHeapSize                              = 2080374784                                {product} {ergonomic}
   size_t MaxNewSize                               = 1247805440                                {product} {ergonomic}
   size_t MinHeapDeltaBytes                        = 1048576                                   {product} {ergonomic}
   size_t MinHeapSize                              = 8388608                                   {product} {ergonomic}
    uintx NonNMethodCodeHeapSize                   = 5832780                                {pd product} {ergonomic}
    uintx NonProfiledCodeHeapSize                  = 122912730                              {pd product} {ergonomic}
    uintx ProfiledCodeHeapSize                     = 122912730                              {pd product} {ergonomic}
    uintx ReservedCodeCacheSize                    = 251658240                              {pd product} {ergonomic}
     bool SegmentedCodeCache                       = true                                      {product} {ergonomic}
   size_t SoftMaxHeapSize                          = 2080374784                             {manageable} {ergonomic}
     bool UseCompressedOops                        = true                           {product lp64_product} {ergonomic}
     bool UseG1GC                                  = true                                      {product} {ergonomic}
     bool UseLargePagesIndividualAllocation        = false                                  {pd product} {ergonomic}

Logging:
Log output configuration:
 #0: stdout all=warning uptime,level,tags foldmultilines=false
 #1: stderr all=off uptime,level,tags foldmultilines=false

Environment Variables:
JAVA_HOME=C:\Program Files\Java\jdk-21
PATH=C:\app\user\product\21c\dbhomeXE\bin;C:\Program Files\Common Files\Oracle\Java\javapath;C:\Windows\system32;C:\Windows;C:\Windows\System32\Wbem;C:\Windows\System32\WindowsPowerShell\v1.0\;C:\Windows\System32\OpenSSH\;C:\Program Files\PuTTY\;C:\Program Files (x86)\dotnet\;C:\Program Files\nodejs\;C:\Program Files\Microsoft SQL Server\170\Tools\Binn\;C:\Program Files\Microsoft SQL Server\Client SDK\ODBC\170\Tools\Binn\;C:\Program Files\dotnet\;C:\Program Files (x86)\IncrediBuild;C:\Program Files (x86)\Windows Kits\10\Windows Performance Toolkit\;C:\Program Files (x86)\Microsoft SQL Server\170\Tools\Binn\;C:\Program Files\Microsoft SQL Server\Client SDK\ODBC\180\Tools\Binn\;C:\Program Files\Microsoft SQL Server\170\DTS\Binn\;C:\Program Files\Git\cmd;C:\Program Files\Microsoft SQL Server\130\DTS\Binn\;C:\Program Files\Microsoft SQL Server\140\DTS\Binn\;C:\Program Files\Microsoft SQL Server\150\DTS\Binn\;C:\Program Files\Microsoft SQL Server\160\DTS\Binn\;C:\Program Files\Docker\Docker\resources\bin;C:\Program Files\Java\jdk-21\bin;C:\Program Files\Apache Software Foundation\Maven\apache-maven-4.0.0-rc-5\bin;C:\Users\user\AppData\Local\Programs\Python\Python39\Scripts\;C:\Users\user\AppData\Local\Programs\Python\Python39\;C:\Users\user\AppData\Local\Programs\Python\Python310\Scripts\;C:\Users\user\AppData\Local\Programs\Python\Python310\;C:\Program Files\MATLAB\R2023b\bin;C:\Users\user\AppData\Local\Programs\Python\Python313\Scripts\;C:\Users\user\AppData\Local\Programs\Python\Python313\;C:\Users\user\AppData\Local\Microsoft\WindowsApps;C:\Users\user\AppData\Local\Programs\Microsoft VS Code\bin;C:\Users\user\AppData\Local\Programs\Python\Python313;C:\Users\user\AppData\Roaming\npm;C:\Users\user\.dotnet\tools;C:\Users\user\.dotnet\tools
USERNAME=user
OS=Windows_NT
PROCESSOR_IDENTIFIER=Intel64 Family 6 Model 140 Stepping 1, GenuineIntel
TMP=C:\Users\user\AppData\Local\Temp
TEMP=C:\Users\user\AppData\Local\Temp




Periodic native trim disabled

---------------  S Y S T E M  ---------------

OS:
 Windows 10 , 64 bit Build 19041 (10.0.19041.5915)
OS uptime: 0 days 7:52 hours
Hyper-V role detected

CPU: total 4 (initial active 4) (2 cores per cpu, 2 threads per core) family 6 model 140 stepping 1 microcode 0xac, cx8, cmov, fxsr, ht, mmx, 3dnowpref, sse, sse2, sse3, ssse3, sse4.1, sse4.2, popcnt, lzcnt, tsc, tscinvbit, avx, avx2, aes, erms, clmul, bmi1, bmi2, adx, avx512f, avx512dq, avx512cd, avx512bw, avx512vl, sha, fma, vzeroupper, avx512_vpopcntdq, avx512_vpclmulqdq, avx512_vaes, avx512_vnni, clflush, clflushopt, clwb, avx512_vbmi2, avx512_vbmi, hv, rdtscp, rdpid, fsrm, gfni, avx512_bitalg, f16c, cet_ibt, cet_ss, avx512_ifma
Processor Information for all 4 processors :
  Max Mhz: 2995, Current Mhz: 2995, Mhz Limit: 2995

Memory: 4k page, system-wide physical 7932M (487M free)
TotalPageFile size 19541M (AvailPageFile size 4M)
current process WorkingSet (physical memory assigned to process): 41M, peak: 41M
current process commit charge ("private bytes"): 197M, peak: 197M

vm_info: Java HotSpot(TM) 64-Bit Server VM (21.0.6+8-LTS-188) for windows-amd64 JRE (21.0.6+8-LTS-188), built on 2024-12-03T10:50:54Z by "mach5one" with MS VC++ 17.6 (VS2022)

END.
