#
# There is insufficient memory for the Java Runtime Environment to continue.
# Native memory allocation (mmap) failed to map 130023424 bytes for Failed to commit area from 0x0000000084000000 to 0x000000008bc00000 of length 130023424.
# Possible reasons:
#   The system is out of physical RAM or swap space
#   The process is running with CompressedOops enabled, and the Java Heap may be blocking the growth of the native heap
# Possible solutions:
#   Reduce memory load on the system
#   Increase physical memory or swap space
#   Check if swap backing store is full
#   Decrease Java heap size (-Xmx/-Xms)
#   Decrease number of Java threads
#   Decrease Java thread stack sizes (-Xss)
#   Set larger code cache with -XX:ReservedCodeCacheSize=
# This output file may be truncated or incomplete.
#
#  Out of Memory Error (t:/workspace/open/src/hotspot/os/windows/os_windows.cpp:3269), pid=25336, tid=25540
#
# JRE version:  (11.0.2+9) (build )
# Java VM: OpenJDK 64-Bit Server VM (11.0.2+9, mixed mode, aot, sharing, tiered, compressed oops, g1 gc, windows-amd64)
# No core dump will be written. Minidumps are not enabled by default on client versions of Windows
#

---------------  S U M M A R Y ------------

Command Line: -Dnet.bytebuddy.agent.attacher.dump= net.bytebuddy.agent.Attacher com.sun.tools.attach.VirtualMachine 22904 C:\Users\user\Downloads\Gestion_commande_spring_projet\Gestion_commande_spring2\Gestion_commande_spring\src\test\resources\byte-buddy-agent-1.14.12.jar false

Host: 11th Gen Intel(R) Core(TM) i3-1115G4 @ 3.00GHz, 4 cores, 7G,  Windows 10 , 64 bit Build 19041 (10.0.19041.5915)
Time: Thu Mar 26 23:08:13 2026 Paris, Madrid elapsed time: 0 seconds (0d 0h 0m 0s)

---------------  T H R E A D  ---------------

Current thread (0x000001efc42ba000):  JavaThread "Unknown thread" [_thread_in_vm, id=25540, stack(0x0000002f7fa00000,0x0000002f7fb00000)]

Stack: [0x0000002f7fa00000,0x0000002f7fb00000]
Native frames: (J=compiled Java code, j=interpreted, Vv=VM code, C=native code)
V  [jvm.dll+0x63489a]
V  [jvm.dll+0x771f9f]
V  [jvm.dll+0x773648]
V  [jvm.dll+0x773d03]
V  [jvm.dll+0x25eba8]
V  [jvm.dll+0x631d3a]
V  [jvm.dll+0x626775]
V  [jvm.dll+0x313ffc]
V  [jvm.dll+0x313e82]
V  [jvm.dll+0x3196e6]
V  [jvm.dll+0x36579f]
V  [jvm.dll+0x3651c0]
V  [jvm.dll+0x2f0ff8]
V  [jvm.dll+0x2f2156]
V  [jvm.dll+0x74b4f7]
V  [jvm.dll+0x74cc3f]
V  [jvm.dll+0x372609]
V  [jvm.dll+0x731b69]
V  [jvm.dll+0x3e1bad]
V  [jvm.dll+0x3e3e81]
C  [java.exe+0x3607]
C  [java.exe+0x1746c]
C  [KERNEL32.DLL+0x17374]
C  [ntdll.dll+0x4cc91]


---------------  P R O C E S S  ---------------

Threads class SMR info:
_java_thread_list=0x000001efc20536f0, length=0, elements={
}

Java Threads: ( => current thread )

Other Threads:
  0x000001efc42cf000 GCTaskThread "GC Thread#0" [stack: 0x0000002f7fb00000,0x0000002f7fc00000] [id=8488]
  0x000001efc42ff800 ConcurrentGCThread "G1 Main Marker" [stack: 0x0000002f7fc00000,0x0000002f7fd00000] [id=25512]
  0x000001efc4302000 ConcurrentGCThread "G1 Conc#0" [stack: 0x0000002f7fd00000,0x0000002f7fe00000] [id=21636]

[error occurred during error reporting (printing all threads), id 0xc0000005, EXCEPTION_ACCESS_VIOLATION (0xc0000005) at pc=0x00007ffde629f5b7]

VM state:not at safepoint (not fully initialized)

VM Mutex/Monitor currently owned by a thread:  ([mutex/lock_event])
[0x000001efc42b7710] Heap_lock - owner thread: 0x000001efc42ba000

Heap address: 0x0000000084000000, size: 1984 MB, Compressed Oops mode: Non-zero based: 0x0000000084000000
Narrow klass base: 0x0000000000000000, Narrow klass shift: 0

GC Heap History (0 events):
No events

Deoptimization events (0 events):
No events

Classes redefined (0 events):
No events

Internal exceptions (0 events):
No events

Events (0 events):
No events


Dynamic libraries:
0x00007ff728ab0000 - 0x00007ff728af5000 	C:\Program Files\Java\jdk-11.0.2\bin\java.exe
0x00007ffe8edb0000 - 0x00007ffe8efa8000 	C:\Windows\SYSTEM32\ntdll.dll
0x00007ffe8d240000 - 0x00007ffe8d302000 	C:\Windows\System32\KERNEL32.DLL
0x00007ffe8c5e0000 - 0x00007ffe8c8d6000 	C:\Windows\System32\KERNELBASE.dll
0x00007ffe8e570000 - 0x00007ffe8e711000 	C:\Windows\System32\USER32.dll
0x00007ffe8c8e0000 - 0x00007ffe8c902000 	C:\Windows\System32\win32u.dll
0x00007ffe8eba0000 - 0x00007ffe8ebcb000 	C:\Windows\System32\GDI32.dll
0x00007ffe8c440000 - 0x00007ffe8c559000 	C:\Windows\System32\gdi32full.dll
0x00007ffe8ca60000 - 0x00007ffe8cafd000 	C:\Windows\System32\msvcp_win.dll
0x00007ffe8c960000 - 0x00007ffe8ca60000 	C:\Windows\System32\ucrtbase.dll
0x00007ffe6f590000 - 0x00007ffe6f82b000 	C:\Windows\WinSxS\amd64_microsoft.windows.common-controls_6595b64144ccf1df_6.0.19041.6456_none_60b8a6cb71f64256\COMCTL32.dll
0x00007ffe8d740000 - 0x00007ffe8d7de000 	C:\Windows\System32\msvcrt.dll
0x00007ffe8e540000 - 0x00007ffe8e56f000 	C:\Windows\System32\IMM32.DLL
0x00007ffe62d30000 - 0x00007ffe62d46000 	C:\Program Files\Java\jdk-11.0.2\bin\vcruntime140.dll
0x00007ffe3c0c0000 - 0x00007ffe3c16a000 	C:\Program Files\Java\jdk-11.0.2\bin\msvcp140.dll
0x00007ffde5fa0000 - 0x00007ffde6ac3000 	C:\Program Files\Java\jdk-11.0.2\bin\server\jvm.dll
0x00007ffe8e3d0000 - 0x00007ffe8e481000 	C:\Windows\System32\ADVAPI32.dll
0x00007ffe8e330000 - 0x00007ffe8e3cf000 	C:\Windows\System32\sechost.dll
0x00007ffe8d390000 - 0x00007ffe8d4b0000 	C:\Windows\System32\RPCRT4.dll
0x00007ffe8cc60000 - 0x00007ffe8cc87000 	C:\Windows\System32\bcrypt.dll
0x00007ffe8dad0000 - 0x00007ffe8dad8000 	C:\Windows\System32\PSAPI.DLL
0x00007ffe68450000 - 0x00007ffe68459000 	C:\Windows\SYSTEM32\WSOCK32.dll
0x00007ffe8dae0000 - 0x00007ffe8db4b000 	C:\Windows\System32\WS2_32.dll
0x00007ffe6fe80000 - 0x00007ffe6fea7000 	C:\Windows\SYSTEM32\WINMM.dll
0x00007ffe80360000 - 0x00007ffe8036a000 	C:\Windows\SYSTEM32\VERSION.dll
0x00007ffe8ac10000 - 0x00007ffe8ac22000 	C:\Windows\SYSTEM32\kernel.appcore.dll
0x00007ffe4e4f0000 - 0x00007ffe4e501000 	C:\Program Files\Java\jdk-11.0.2\bin\verify.dll
0x00007ffe8a120000 - 0x00007ffe8a321000 	C:\Windows\SYSTEM32\DBGHELP.DLL
0x00007ffe660a0000 - 0x00007ffe660d4000 	C:\Windows\SYSTEM32\dbgcore.DLL
0x00007ffe8cc90000 - 0x00007ffe8cd12000 	C:\Windows\System32\bcryptPrimitives.dll
0x00007ffe423b0000 - 0x00007ffe423d8000 	C:\Program Files\Java\jdk-11.0.2\bin\java.dll
0x00007ffe4d930000 - 0x00007ffe4d946000 	C:\Program Files\Java\jdk-11.0.2\bin\zip.dll
0x00007ffe829e0000 - 0x00007ffe829ea000 	C:\Program Files\Java\jdk-11.0.2\bin\jimage.dll

dbghelp: loaded successfully - version: 4.0.5 - missing functions: none
symbol engine: initialized successfully - sym options: 0x614 - pdb path: .;C:\Program Files\Java\jdk-11.0.2\bin;C:\Windows\SYSTEM32;C:\Windows\WinSxS\amd64_microsoft.windows.common-controls_6595b64144ccf1df_6.0.19041.6456_none_60b8a6cb71f64256;C:\Program Files\Java\jdk-11.0.2\bin\server

VM Arguments:
jvm_args: -Dnet.bytebuddy.agent.attacher.dump= 
java_command: net.bytebuddy.agent.Attacher com.sun.tools.attach.VirtualMachine 22904 C:\Users\user\Downloads\Gestion_commande_spring_projet\Gestion_commande_spring2\Gestion_commande_spring\src\test\resources\byte-buddy-agent-1.14.12.jar false
java_class_path (initial): C:\Users\user\Downloads\Gestion_commande_spring_projet\Gestion_commande_spring2\Gestion_commande_spring\src\test\resources\byte-buddy-agent-1.14.12.jar
Launcher Type: SUN_STANDARD

[Global flags]
     intx CICompilerCount                          = 3                                         {product} {ergonomic}
     uint ConcGCThreads                            = 1                                         {product} {ergonomic}
     uint G1ConcRefinementThreads                  = 4                                         {product} {ergonomic}
   size_t G1HeapRegionSize                         = 1048576                                   {product} {ergonomic}
    uintx GCDrainStackTargetSize                   = 64                                        {product} {ergonomic}
   size_t InitialHeapSize                          = 130023424                                 {product} {ergonomic}
   size_t MarkStackSize                            = 4194304                                   {product} {ergonomic}
   size_t MaxHeapSize                              = 2080374784                                {product} {ergonomic}
   size_t MinHeapDeltaBytes                        = 1048576                                   {product} {ergonomic}
    uintx NonNMethodCodeHeapSize                   = 5830092                                {pd product} {ergonomic}
    uintx NonProfiledCodeHeapSize                  = 122914074                              {pd product} {ergonomic}
    uintx ProfiledCodeHeapSize                     = 122914074                              {pd product} {ergonomic}
    uintx ReservedCodeCacheSize                    = 251658240                              {pd product} {ergonomic}
     bool SegmentedCodeCache                       = true                                      {product} {ergonomic}
     bool UseCompressedClassPointers               = true                                 {lp64_product} {ergonomic}
     bool UseCompressedOops                        = true                                 {lp64_product} {ergonomic}
     bool UseG1GC                                  = true                                      {product} {ergonomic}
     bool UseLargePagesIndividualAllocation        = false                                  {pd product} {ergonomic}

Logging:
Log output configuration:
 #0: stdout all=warning uptime,level,tags
 #1: stderr all=off uptime,level,tags

Environment Variables:
JAVA_HOME=C:\Program Files\Java\jdk-21
PATH=C:\app\user\product\21c\dbhomeXE\bin;C:\Program Files\Common Files\Oracle\Java\javapath;C:\Windows\system32;C:\Windows;C:\Windows\System32\Wbem;C:\Windows\System32\WindowsPowerShell\v1.0\;C:\Windows\System32\OpenSSH\;C:\Program Files\PuTTY\;C:\Program Files (x86)\dotnet\;C:\Program Files\nodejs\;C:\Program Files\Microsoft SQL Server\170\Tools\Binn\;C:\Program Files\Microsoft SQL Server\Client SDK\ODBC\170\Tools\Binn\;C:\Program Files\dotnet\;C:\Program Files (x86)\IncrediBuild;C:\Program Files (x86)\Windows Kits\10\Windows Performance Toolkit\;C:\Program Files (x86)\Microsoft SQL Server\170\Tools\Binn\;C:\Program Files\Microsoft SQL Server\Client SDK\ODBC\180\Tools\Binn\;C:\Program Files\Microsoft SQL Server\170\DTS\Binn\;C:\Program Files\Git\cmd;C:\Program Files\Microsoft SQL Server\130\DTS\Binn\;C:\Program Files\Microsoft SQL Server\140\DTS\Binn\;C:\Program Files\Microsoft SQL Server\150\DTS\Binn\;C:\Program Files\Microsoft SQL Server\160\DTS\Binn\;C:\Program Files\Docker\Docker\resources\bin;C:\Program Files\Java\jdk-21\bin;C:\Program Files\Apache Software Foundation\Maven\apache-maven-4.0.0-rc-5\bin;C:\Users\user\AppData\Local\Programs\Python\Python39\Scripts\;C:\Users\user\AppData\Local\Programs\Python\Python39\;C:\Users\user\AppData\Local\Programs\Python\Python310\Scripts\;C:\Users\user\AppData\Local\Programs\Python\Python310\;C:\Program Files\MATLAB\R2023b\bin;C:\Users\user\AppData\Local\Programs\Python\Python313\Scripts\;C:\Users\user\AppData\Local\Programs\Python\Python313\;C:\Users\user\AppData\Local\Microsoft\WindowsApps;C:\Users\user\AppData\Local\Programs\Microsoft VS Code\bin;C:\Users\user\AppData\Local\Programs\Python\Python313;C:\Users\user\AppData\Roaming\npm;C:\Users\user\.dotnet\tools;C:\Users\user\.dotnet\tools
USERNAME=user
OS=Windows_NT
PROCESSOR_IDENTIFIER=Intel64 Family 6 Model 140 Stepping 1, GenuineIntel



---------------  S Y S T E M  ---------------

OS: Windows 10 , 64 bit Build 19041 (10.0.19041.5915)

CPU:total 4 (initial active 4) (2 cores per cpu, 2 threads per core) family 6 model 140 stepping 1, cmov, cx8, fxsr, mmx, sse, sse2, sse3, ssse3, sse4.1, sse4.2, popcnt, avx, avx2, aes, clmul, erms, 3dnowpref, lzcnt, ht, tsc, tscinvbit, bmi1, bmi2, adx, evex, sha, fma

Memory: 4k page, system-wide physical 7932M (822M free)
TotalPageFile size 19541M (AvailPageFile size 122M)
current process WorkingSet (physical memory assigned to process): 10M, peak: 10M
current process commit charge ("private bytes"): 51M, peak: 175M

vm_info: OpenJDK 64-Bit Server VM (11.0.2+9) for windows-amd64 JRE (11.0.2+9), built on Jan 18 2019 05:23:22 by "mach5one" with MS VC++ 15.5 (VS2017)

END.
